\BOOKMARK [1][-]{section.1}{\376\377\004\022\004\062\004\065\004\064\004\065\004\075\004\070\004\065}{}% 1
\BOOKMARK [1][-]{section.2}{\376\377\004\041\004\102\004\100\004\103\004\072\004\102\004\103\004\100\004\060\000\040\004\061\004\070\004\061\004\073\004\070\004\076\004\102\004\065\004\072\004\070}{}% 2
\BOOKMARK [2][-]{subsection.2.1}{\376\377\004\032\004\073\004\060\004\101\004\101\000\040\000T\000a\000l\000y\000s\000L\000i\000b\000M\000a\000n\000a\000g\000e\000r}{section.2}% 3
\BOOKMARK [2][-]{subsection.2.2}{\376\377\004\032\004\073\004\060\004\101\004\101\000\040\000N\000u\000c\000l\000e\000u\000s}{section.2}% 4
\BOOKMARK [3][-]{subsubsection.2.2.1}{\376\377\000s\000t\000r\000i\000n\000g\000\040\000N\000a\000m\000e\000,\000R\000e\000a\000c\000t\000i\000o\000n\000,\000P\000r\000o\000j\000e\000c\000t\000i\000l\000e}{subsection.2.2}% 5
\BOOKMARK [3][-]{subsubsection.2.2.2}{\376\377\000v\000e\000c\000t\000o\000r\000<\000L\000e\000v\000e\000l\000>\000\040\000L\000e\000v\000e\000l\000s}{subsection.2.2}% 6
\BOOKMARK [3][-]{subsubsection.2.2.3}{\376\377\000O\000p\000t\000i\000c\000a\000l\000M\000o\000d\000e\000l\000P\000a\000r\000a\000m\000e\000t\000e\000r\000s\000\040\000O\000M\000P\000N\000,\000\040\000O\000M\000P\000P}{subsection.2.2}% 7
\BOOKMARK [3][-]{subsubsection.2.2.4}{\376\377\000D\000e\000f\000o\000r\000m\000a\000t\000i\000o\000n\000\040\000D\000e\000f}{subsection.2.2}% 8
\BOOKMARK [3][-]{subsubsection.2.2.5}{\376\377\000T\000G\000r\000a\000p\000h\000\040\000E\000l\000a\000c\000t\000i\000c\000T\000o\000t\000T\000a\000l\000y\000s\000,\000\040\000E\000l\000a\000s\000t\000i\000c\000D\000i\000r\000e\000c\000t\000T\000a\000l\000y\000s\000,\000\040\000E\000l\000a\000s\000t\000i\000c\000C\000o\000m\000p\000o\000u\000n\000d\000T\000a\000l\000y\000s}{subsection.2.2}% 9
\BOOKMARK [3][-]{subsubsection.2.2.6}{\376\377\000I\000n\000e\000l\000a\000s\000t\000i\000c\000T\000o\000t\000T\000a\000l\000y\000s\000V\000,\000\040\000I\000n\000e\000l\000a\000s\000t\000i\000c\000D\000i\000r\000e\000c\000t\000T\000a\000l\000y\000s\000V\000,\000\040\000I\000n\000e\000l\000a\000s\000t\000i\000c\000C\000o\000m\000p\000o\000u\000n\000d\000T\000a\000l\000y\000s\000V\000,\000\040\000E\000l\000a\000s\000t\000i\000c\000T\000o\000t\000T\000a\000l\000y\000s\000V\000,\000\040\000E\000l\000a\000s\000t\000i\000c\000D\000i\000r\000e\000c\000t\000T\000a\000l\000y\000s\000V\000,\000\040\000E\000l\000a\000s\000t\000i\000c\000C\000o\000m\000p\000o\000u\000n\000d\000T\000a\000l\000y\000s\000V\000,\000\040\000T\000o\000t\000T\000a\000l\000y\000s\000V}{subsection.2.2}% 10
\BOOKMARK [3][-]{subsubsection.2.2.7}{\376\377\000B\000N\000E\000C\000S\000_\000g\000a\000m\000m\000a\000,\000\040\000B\000N\000E\000C\000S\000_\000n\000e\000u\000t\000r\000o\000n\000,\000\040\000B\000N\000E\000C\000S\000_\000p\000r\000o\000t\000o\000n\000,\000\040\000B\000N\000E\000C\000S\000_\000d\000e\000u\000t\000e\000r\000o\000n\000,\000\040\000B\000N\000E\000C\000S\000_\000t\000r\000i\000t\000o\000n\000,\000\040\000B\000N\000E\000C\000S\000_\0003\000H\000e\000,\000\040\000B\000N\000E\000C\000S\000_\000a\000l\000p\000h\000a}{subsection.2.2}% 11
\BOOKMARK [3][-]{subsubsection.2.2.8}{\376\377\000T\000E\000I\000S\000G\000r\000a\000p\000h\000T\000o\000t\000,\000\040\000T\000E\000I\000S\000G\000r\000a\000p\000h\000C\000o\000n\000t\000,\000\040\000T\000E\000I\000S\000G\000r\000a\000p\000h\000D\000i\000s\000c\000r}{subsection.2.2}% 12
\BOOKMARK [3][-]{subsubsection.2.2.9}{\376\377\000v\000o\000i\000d\000\040\000R\000e\000a\000d\000E\000l\000a\000s\000t\000i\000c\000\050\000\051}{subsection.2.2}% 13
\BOOKMARK [3][-]{subsubsection.2.2.10}{\376\377\000T\000G\000r\000a\000p\000h\000*\000\040\000G\000e\000t\000E\000l\000a\000s\000t\000i\000c\000A\000n\000g\000u\000l\000a\000r\000D\000i\000s\000t\000r\000i\000b\000u\000t\000i\000o\000n\000\050\000s\000t\000r\000i\000n\000g\000\040\000t\000y\000p\000e\000,\000s\000t\000r\000i\000n\000g\000\040\000o\000p\000t\000i\000o\000n\000\051}{subsection.2.2}% 14
\BOOKMARK [3][-]{subsubsection.2.2.11}{\376\377\000i\000n\000t\000\040\000W\000r\000i\000t\000e\000O\000M\000P\000O\000r\000U\000s\000e\000K\000o\000n\000i\000n\000g\000P\000,\000\040\000W\000r\000i\000t\000e\000O\000M\000P\000O\000r\000U\000s\000e\000K\000o\000n\000i\000n\000g\000N}{subsection.2.2}% 15
\BOOKMARK [3][-]{subsubsection.2.2.12}{\376\377\000v\000o\000i\000d\000\040\000M\000e\000r\000g\000e\000L\000e\000v\000e\000l\000s\000\050\000f\000l\000o\000a\000t\000\040\000t\000o\000l\000e\000r\000a\000n\000c\000y\000\051}{subsection.2.2}% 16
\BOOKMARK [3][-]{subsubsection.2.2.13}{\376\377\000S\000o\000r\000t\000i\000n\000g\000L\000e\000v\000e\000l\000s\000\050\000\051}{subsection.2.2}% 17
\BOOKMARK [3][-]{subsubsection.2.2.14}{\376\377\000F\000i\000n\000d\000P\000r\000o\000d\000u\000c\000t\000s\000B\000y\000R\000e\000a\000c\000t\000i\000o\000n\000\050\000s\000t\000r\000i\000n\000g\000\040\000r\000e\000a\000c\000t\000i\000o\000n\000\051}{subsection.2.2}% 18
\BOOKMARK [3][-]{subsubsection.2.2.15}{\376\377\000F\000i\000n\000d\000P\000r\000o\000d\000u\000c\000t\000B\000y\000N\000a\000m\000e\000\050\000s\000t\000r\000i\000n\000g\000\040\000_\000N\000a\000m\000e\000\051}{subsection.2.2}% 19
\BOOKMARK [3][-]{subsubsection.2.2.16}{\376\377\000N\000u\000c\000l\000e\000u\000s\000*\000\040\000f\000M\000o\000t\000h\000e\000r\000N\000u\000c\000l\000e\000u\000s}{subsection.2.2}% 20
\BOOKMARK [3][-]{subsubsection.2.2.17}{\376\377\000N\000u\000c\000l\000e\000u\000s\000\050\000\051}{subsection.2.2}% 21
\BOOKMARK [3][-]{subsubsection.2.2.18}{\376\377\000N\000u\000c\000l\000e\000u\000s\000\050\000s\000t\000r\000i\000n\000g\000\040\000N\000a\000m\000e\000,\000s\000t\000r\000i\000n\000g\000\040\000R\000e\000a\000c\000t\000i\000o\000n\000=\000\051}{subsection.2.2}% 22
\BOOKMARK [3][-]{subsubsection.2.2.19}{\376\377\000N\000u\000c\000l\000e\000u\000s\000\050\000N\000u\000c\000l\000e\000u\000s\000D\000a\000t\000a\000\040\000N\000D\000\051}{subsection.2.2}% 23
\BOOKMARK [3][-]{subsubsection.2.2.20}{\376\377\000R\000e\000a\000d\000E\000N\000S\000D\000F\000F\000i\000l\000e\000\050\000s\000t\000r\000i\000n\000g\000\040\000f\000i\000l\000e\000n\000a\000m\000e\000=\000,\000s\000t\000r\000i\000n\000g\000\040\000N\000u\000c\000l\000i\000d\000e\000=\000\051}{subsection.2.2}% 24
\BOOKMARK [3][-]{subsubsection.2.2.21}{\376\377\000R\000e\000a\000d\000L\000e\000v\000e\000l\000s\000F\000r\000o\000m\000T\000a\000l\000y\000s\000D\000a\000t\000a\000b\000a\000s\000e\000\050\000s\000t\000r\000i\000n\000g\000\040\000t\000y\000p\000e\000=\000"\000f\000i\000n\000a\000l\000"\000\051}{subsection.2.2}% 25
\BOOKMARK [3][-]{subsubsection.2.2.22}{\376\377\000S\000e\000t\000P\000r\000o\000j\000e\000c\000t\000i\000l\000e\000E\000n\000e\000r\000g\000y\000\050\000d\000o\000u\000b\000l\000e\000\040\000E\000\051}{subsection.2.2}% 26
\BOOKMARK [3][-]{subsubsection.2.2.23}{\376\377\000v\000e\000c\000t\000o\000r\000<\000L\000e\000v\000e\000l\000*\000>\000\040\000G\000e\000t\000L\000e\000v\000e\000l\000s\000W\000i\000t\000h\000C\000o\000r\000r\000e\000s\000p\000o\000n\000d\000i\000n\000g\000T\000r\000a\000n\000s\000i\000t\000i\000o\000n\000s\000\050\000f\000l\000o\000a\000t\000\040\000E\000n\000e\000r\000g\000y\000,\000\040\000f\000l\000o\000a\000t\000\040\000t\000o\000l\000e\000r\000a\000n\000c\000y\000=\0001\000,\000\040\000f\000l\000o\000a\000t\000\040\000i\000n\000t\000e\000n\000s\000i\000t\000y\000=\0000\000\051}{subsection.2.2}% 27
\BOOKMARK [3][-]{subsubsection.2.2.24}{\376\377\000L\000e\000v\000e\000l\000*\000\040\000F\000i\000n\000d\000L\000e\000v\000e\000l\000F\000r\000o\000m\000T\000a\000l\000y\000s\000\050\000f\000l\000o\000a\000t\000\040\000E\000n\000e\000r\000g\000y\000,\000\040\000S\000p\000i\000n\000P\000a\000r\000i\000t\000y\000\040\000J\000P\000\051}{subsection.2.2}% 28
\BOOKMARK [3][-]{subsubsection.2.2.25}{\376\377\000L\000e\000v\000e\000l\000*\000\040\000F\000i\000n\000d\000B\000e\000s\000t\000L\000e\000v\000e\000l\000B\000y\000E\000J\000P\000\050\000f\000l\000o\000a\000t\000\040\000E\000n\000e\000r\000g\000y\000,\000\040\000S\000p\000i\000n\000P\000a\000r\000i\000t\000y\000\040\000J\000P\000,\000\040\000f\000l\000o\000a\000t\000\040\000t\000o\000l\000e\000r\000a\000n\000c\000y\000=\0001\000\051}{subsection.2.2}% 29
\BOOKMARK [3][-]{subsubsection.2.2.26}{\376\377\000F\000i\000n\000d\000L\000e\000v\000e\000l\000B\000y\000E\000n\000e\000r\000g\000y\000\050\000f\000l\000o\000a\000t\000\040\000E\000n\000e\000r\000g\000y\000,\000\040\000f\000l\000o\000a\000t\000\040\000t\000o\000l\000e\000r\000a\000n\000c\000y\000=\0001\000\051}{subsection.2.2}% 30
\BOOKMARK [3][-]{subsubsection.2.2.27}{\376\377\000L\000e\000v\000e\000l\000*\000\040\000F\000i\000n\000d\000L\000e\000v\000e\000l\000B\000y\000N\000u\000m\000b\000e\000r\000\050\000i\000n\000t\000\040\000n\000u\000m\000b\000e\000r\000\051}{subsection.2.2}% 31
\BOOKMARK [3][-]{subsubsection.2.2.28}{\376\377\000G\000a\000m\000m\000a\000T\000r\000a\000n\000s\000i\000t\000i\000o\000n\000*\000\040\000G\000e\000t\000B\000e\000s\000t\000T\000r\000a\000n\000s\000i\000t\000i\000o\000n\000\050\000f\000l\000o\000a\000t\000\040\000E\000n\000e\000r\000g\000y\000,\000\040\000f\000l\000o\000a\000t\000\040\000t\000o\000l\000e\000r\000a\000n\000c\000y\000=\0001\000\051}{subsection.2.2}% 32
\BOOKMARK [3][-]{subsubsection.2.2.29}{\376\377\000v\000e\000c\000t\000o\000r\000<\000G\000a\000m\000m\000a\000T\000r\000a\000n\000s\000i\000t\000i\000o\000n\000*\000>\000\040\000G\000e\000t\000G\000a\000m\000m\000a\000T\000r\000a\000n\000s\000i\000t\000i\000o\000n\000\050\000f\000l\000o\000a\000t\000\040\000E\000n\000e\000r\000g\000y\000,\000\040\000f\000l\000o\000a\000t\000\040\000t\000o\000l\000e\000r\000a\000n\000c\000y\000=\0001\000,\000\040\000f\000l\000o\000a\000t\000\040\000i\000n\000t\000e\000n\000s\000i\000t\000y\000=\0000\000\051}{subsection.2.2}% 33
\BOOKMARK [3][-]{subsubsection.2.2.30}{\376\377\000v\000e\000c\000t\000o\000r\000<\000G\000a\000m\000m\000a\000T\000r\000a\000n\000s\000i\000t\000i\000o\000n\000*\000>\000\040\000G\000e\000t\000G\000a\000m\000m\000a\000T\000r\000a\000n\000s\000i\000t\000i\000o\000n\000s\000\050\000s\000t\000r\000i\000n\000g\000\040\000o\000p\000t\000i\000o\000n\000=\000"\000T\000a\000l\000y\000s\000i\000n\000t\000\040\000B\000e\000t\000t\000e\000r\000T\000h\000a\000n\000=\0001\0000\0000\000,\000\040\000f\000l\000o\000a\000t\000\040\000t\000o\000l\000e\000r\000a\000n\000c\000y\000=\0001\000,\000\040\000f\000l\000o\000a\000t\000\040\000i\000n\000t\000e\000n\000s\000i\000t\000y\000=\0000\000\051}{subsection.2.2}% 34
\BOOKMARK [3][-]{subsubsection.2.2.31}{\376\377\000v\000e\000c\000t\000o\000r\000<\000N\000u\000c\000l\000e\000u\000s\000>\000\040\000P\000r\000o\000d\000u\000c\000t\000s}{subsection.2.2}% 35
\BOOKMARK [3][-]{subsubsection.2.2.32}{\376\377\000v\000o\000i\000d\000\040\000G\000e\000n\000e\000r\000a\000t\000e\000P\000r\000o\000d\000u\000c\000t\000s\000\050\000s\000t\000r\000i\000n\000g\000\040\000P\000r\000o\000j\000e\000c\000t\000i\000l\000e\000=\000"\000n\000"\000\051}{subsection.2.2}% 36
\BOOKMARK [3][-]{subsubsection.2.2.33}{\376\377\000v\000o\000i\000d\000\040\000E\000x\000e\000c\000u\000t\000e\000C\000a\000l\000c\000u\000l\000a\000t\000i\000o\000n\000I\000n\000T\000a\000l\000y\000s\000\050\000s\000t\000r\000i\000n\000g\000\040\000_\000P\000r\000o\000j\000e\000c\000t\000i\000l\000e\000=\000"\000n\000"\000\051}{subsection.2.2}% 37
\BOOKMARK [3][-]{subsubsection.2.2.34}{\376\377\000v\000o\000i\000d\000\040\000R\000e\000a\000d\000T\000a\000l\000y\000s\000C\000a\000l\000c\000u\000l\000a\000t\000i\000o\000n\000R\000e\000s\000u\000l\000t\000\050\000\051}{subsection.2.2}% 38
\BOOKMARK [3][-]{subsubsection.2.2.35}{\376\377\000v\000o\000i\000d\000\040\000A\000s\000s\000i\000g\000n\000S\000i\000m\000i\000l\000a\000r\000L\000e\000v\000e\000l\000s\000\050\000f\000l\000o\000a\000t\000\040\000T\000o\000l\000e\000r\000a\000n\000c\000y\000=\0001\000.\0005\000\051}{subsection.2.2}% 39
\BOOKMARK [3][-]{subsubsection.2.2.36}{\376\377\000v\000o\000i\000d\000\040\000D\000r\000a\000w\000L\000e\000v\000e\000l\000S\000c\000h\000e\000m\000e\000\050\000d\000o\000u\000b\000l\000e\000\040\000M\000i\000n\000T\000a\000l\000y\000s\000C\000S\000=\0000\000\051}{subsection.2.2}% 40
\BOOKMARK [3][-]{subsubsection.2.2.37}{\376\377\000v\000o\000i\000d\000\040\000A\000s\000s\000i\000g\000n\000P\000o\000i\000n\000t\000e\000r\000s\000\050\000\051}{subsection.2.2}% 41
\BOOKMARK [3][-]{subsubsection.2.2.38}{\376\377\000v\000o\000i\000d\000\040\000E\000r\000a\000s\000e\000P\000o\000i\000n\000t\000e\000r\000s\000\050\000\051}{subsection.2.2}% 42
\BOOKMARK [3][-]{subsubsection.2.2.39}{\376\377\000v\000o\000i\000d\000\040\000A\000s\000s\000i\000g\000n\000D\000e\000f\000o\000r\000m\000a\000t\000i\000o\000n\000s\000T\000o\000L\000e\000v\000e\000l\000s\000\050\000\051}{subsection.2.2}% 43
\BOOKMARK [3][-]{subsubsection.2.2.40}{\376\377\000v\000o\000i\000d\000\040\000S\000e\000t\000L\000e\000v\000e\000l\000D\000e\000f\000o\000r\000m\000a\000t\000i\000o\000n\000\050\000i\000n\000t\000\040\000L\000e\000v\000e\000l\000N\000u\000m\000b\000e\000r\000,\000c\000h\000a\000r\000\040\000L\000e\000v\000T\000,\000\040\000i\000n\000t\000\040\000B\000a\000n\000d\000N\000=\000-\0001\000,\000\040\000i\000n\000t\000\040\000B\000a\000n\000d\000L\000=\000-\0001\000,\000\040\000i\000n\000t\000\040\000N\000P\000h\000o\000n\000=\000-\0001\000,\000\040\000i\000n\000t\000\040\000M\000a\000g\000N\000=\000-\0001\000,\000\040\000v\000e\000c\000t\000o\000r\000<\000f\000l\000o\000a\000t\000>\000\040\000*\000D\000e\000f\000=\0000\000\051}{subsection.2.2}% 44
\BOOKMARK [3][-]{subsubsection.2.2.41}{\376\377\000v\000o\000i\000d\000\040\000S\000e\000t\000L\000e\000v\000e\000l\000D\000e\000f\000o\000r\000m\000a\000t\000i\000o\000n\000\050\000d\000o\000u\000b\000l\000e\000\040\000L\000e\000v\000e\000l\000E\000n\000e\000r\000g\000y\000,\000c\000h\000a\000r\000\040\000L\000e\000v\000T\000,\000\040\000i\000n\000t\000\040\000B\000a\000n\000d\000N\000=\000-\0001\000,\000\040\000i\000n\000t\000\040\000B\000a\000n\000d\000L\000=\000-\0001\000,\000\040\000i\000n\000t\000\040\000N\000P\000h\000o\000n\000=\000-\0001\000,\000\040\000i\000n\000t\000\040\000M\000a\000g\000N\000=\000-\0001\000,\000\040\000v\000e\000c\000t\000o\000r\000<\000f\000l\000o\000a\000t\000>\000\040\000*\000D\000e\000f\000=\0000\000\051}{subsection.2.2}% 45
\BOOKMARK [3][-]{subsubsection.2.2.42}{\376\377\000s\000t\000r\000i\000n\000g\000\040\000P\000r\000i\000n\000t\000L\000e\000v\000e\000l\000s\000\050\000\051}{subsection.2.2}% 46
\BOOKMARK [3][-]{subsubsection.2.2.43}{\376\377\000s\000t\000r\000i\000n\000g\000\040\000P\000r\000i\000n\000t\000R\000e\000a\000c\000t\000i\000o\000n\000s\000\050\000\051}{subsection.2.2}% 47
\BOOKMARK [3][-]{subsubsection.2.2.44}{\376\377\000s\000t\000r\000i\000n\000g\000\040\000R\000e\000a\000c\000t\000i\000o\000n\000T\000o\000T\000a\000l\000y\000s\000N\000o\000t\000a\000t\000i\000o\000n\000\050\000c\000h\000a\000r\000\040\000D\000a\000t\000a\000S\000e\000l\000e\000c\000t\000i\000o\000n\000=\000k\000E\000x\000c\000i\000t\000a\000t\000i\000o\000n\000C\000S\000\051}{subsection.2.2}% 48
\BOOKMARK [3][-]{subsubsection.2.2.45}{\376\377\000f\000l\000o\000a\000t\000\040\000G\000e\000t\000M\000a\000s\000s\000\050\000\051}{subsection.2.2}% 49
\BOOKMARK [3][-]{subsubsection.2.2.46}{\376\377\000N\000u\000c\000l\000e\000u\000s\000D\000a\000t\000a\000\040\000T\000o\000N\000u\000c\000l\000e\000u\000s\000D\000a\000t\000a\000\050\000\051}{subsection.2.2}% 50
\BOOKMARK [3][-]{subsubsection.2.2.47}{\376\377\000v\000o\000i\000d\000\040\000G\000e\000n\000e\000r\000a\000t\000e\000G\000a\000m\000m\000a\000S\000p\000e\000c\000t\000r\000u\000m\000\050\000T\000H\0001\000F\000\040\000*\000S\000p\000e\000c\000t\000r\000u\000m\000,\000\040\000T\000F\0001\000*\000\040\000R\000e\000s\000o\000l\000u\000t\000i\000o\000n\000F\000u\000n\000c\000t\000i\000o\000n\000,\000\040\000i\000n\000t\000\040\000N\000E\000n\000t\000r\000i\000e\000s\000=\0001\0000\0000\0000\0000\0000\000\051}{subsection.2.2}% 51
\BOOKMARK [3][-]{subsubsection.2.2.48}{\376\377\000v\000o\000i\000d\000\040\000S\000e\000t\000T\000G\000r\000a\000p\000h\000N\000a\000m\000e\000A\000n\000d\000T\000i\000t\000l\000e\000\050\000s\000t\000r\000i\000n\000g\000\040\000V\000a\000l\000N\000a\000m\000e\000\051}{subsection.2.2}% 52
\BOOKMARK [3][-]{subsubsection.2.2.49}{\376\377\000v\000o\000i\000d\000\040\000A\000d\000d\000P\000o\000i\000n\000t\000\050\000d\000o\000u\000b\000l\000e\000\040\000x\000_\000v\000a\000l\000u\000e\000,\000\040\000N\000u\000c\000l\000e\000u\000s\000*\000\040\000N\000u\000c\000l\000\051}{subsection.2.2}% 53
\BOOKMARK [2][-]{subsection.2.3}{\376\377\004\032\004\073\004\060\004\101\004\101\000\040\000T\000a\000l\000y\000s\000C\000a\000l\000c\000u\000l\000a\000t\000i\000o\000n}{section.2}% 54
\BOOKMARK [3][-]{subsubsection.2.3.1}{\376\377\000R\000e\000s\000u\000l\000t\000s\000,\000\040\000F\000i\000n\000a\000l\000R\000e\000s\000u\000l\000t}{subsection.2.3}% 55
\BOOKMARK [3][-]{subsubsection.2.3.2}{\376\377\000T\000a\000r\000g\000e\000t\000,\000\040\000P\000r\000o\000j}{subsection.2.3}% 56
\BOOKMARK [3][-]{subsubsection.2.3.3}{\376\377\000T\000a\000l\000y\000s\000O\000p\000t\000i\000o\000n\000s}{subsection.2.3}% 57
\BOOKMARK [3][-]{subsubsection.2.3.4}{\376\377\000V\000a\000r\000i\000a\000b\000l\000e}{subsection.2.3}% 58
\BOOKMARK [3][-]{subsubsection.2.3.5}{\376\377\000E\000l\000a\000s\000t\000i\000c\000,\000\040\000I\000n\000e\000l\000a\000s\000t\000i\000c\000,\000\040\000G\000e\000n\000e\000r\000a\000t\000e\000d\000G\000r\000a\000p\000h\000s}{subsection.2.3}% 59
\BOOKMARK [3][-]{subsubsection.2.3.6}{\376\377\000V\000a\000r\000V\000a\000l\000u\000e\000s}{subsection.2.3}% 60
\BOOKMARK [3][-]{subsubsection.2.3.7}{\376\377\000G\000e\000n\000e\000r\000a\000t\000e\000d\000G\000r\000a\000p\000h\000s}{subsection.2.3}% 61
\BOOKMARK [3][-]{subsubsection.2.3.8}{\376\377\000P\000r\000o\000j\000e\000c\000t\000i\000l\000e\000E\000n\000e\000r\000g\000y}{subsection.2.3}% 62
\BOOKMARK [3][-]{subsubsection.2.3.9}{\376\377\000v\000o\000i\000d\000\040\000R\000e\000a\000d\000P\000a\000r\000a\000m\000e\000t\000e\000r\000s\000F\000r\000o\000m\000F\000i\000l\000e\000\050\000s\000t\000r\000i\000n\000g\000\040\000f\000i\000l\000e\000n\000a\000m\000e\000\051}{subsection.2.3}% 63
\BOOKMARK [3][-]{subsubsection.2.3.10}{\376\377\000v\000o\000i\000d\000\040\000E\000x\000e\000c\000u\000t\000e\000C\000a\000l\000c\000u\000l\000a\000t\000i\000o\000n\000\050\000\051\000,\000\040\000v\000o\000i\000d\000\040\000E\000x\000e\000c\000u\000t\000e\000C\000a\000l\000c\000u\000l\000a\000t\000i\000o\000n\000\050\000v\000o\000i\000d\000\040\000\050\000*\000V\000a\000r\000C\000h\000a\000n\000g\000e\000F\000u\000n\000c\000t\000i\000o\000n\000\051\000\050\000N\000u\000c\000l\000e\000u\000s\000\040\000*\000N\000u\000c\000l\000i\000d\000e\000,\000\040\000d\000o\000u\000b\000l\000e\000\040\000v\000a\000l\000u\000e\000\051\000\051}{subsection.2.3}% 64
\BOOKMARK [3][-]{subsubsection.2.3.11}{\376\377\000v\000o\000i\000d\000\040\000S\000e\000t\000T\000a\000r\000g\000e\000t\000\050\000s\000t\000r\000i\000n\000g\000\040\000_\000T\000a\000r\000g\000e\000t\000\051\000,\000\040\000v\000o\000i\000d\000\040\000S\000e\000t\000P\000r\000o\000j\000e\000c\000t\000i\000l\000e\000\050\000s\000t\000r\000i\000n\000g\000\040\000_\000P\000r\000o\000j\000\051\000,\000\040\000v\000o\000i\000d\000\040\000S\000e\000t\000V\000a\000r\000V\000a\000l\000u\000e\000s\000\050\000d\000o\000u\000b\000l\000e\000\040\000m\000i\000n\000,\000\040\000d\000o\000u\000b\000l\000e\000\040\000m\000a\000x\000,\000\040\000d\000o\000u\000b\000l\000e\000\040\000s\000t\000e\000p\000\051}{subsection.2.3}% 65
\BOOKMARK [3][-]{subsubsection.2.3.12}{\376\377\000v\000o\000i\000d\000\040\000E\000x\000e\000c\000u\000t\000e\000C\000a\000l\000c\000u\000l\000a\000t\000i\000o\000n\000\050\000\051\000,\000\040\000E\000x\000e\000c\000u\000t\000e\000C\000a\000l\000c\000u\000l\000a\000t\000i\000o\000n\000\050\000v\000o\000i\000d\000\040\000\050\000*\000V\000a\000r\000C\000h\000a\000n\000g\000e\000F\000u\000n\000c\000t\000i\000o\000n\000\051\000\050\000N\000u\000c\000l\000e\000u\000s\000\040\000*\000N\000u\000c\000l\000i\000d\000e\000,\000d\000o\000u\000b\000l\000e\000\040\000v\000a\000l\000u\000e\000\051\000\051}{subsection.2.3}% 66
\BOOKMARK [3][-]{subsubsection.2.3.13}{\376\377\000v\000o\000i\000d\000\040\000G\000e\000n\000e\000r\000a\000t\000e\000G\000r\000a\000p\000h\000s\000\050\000\051}{subsection.2.3}% 67
\BOOKMARK [3][-]{subsubsection.2.3.14}{\376\377\000T\000G\000r\000a\000p\000h\000*\000\040\000G\000e\000t\000L\000e\000v\000e\000l\000E\000x\000c\000i\000t\000a\000t\000i\000o\000n\000C\000r\000o\000s\000s\000S\000e\000c\000t\000i\000o\000n\000\050\000d\000o\000u\000b\000l\000e\000\040\000L\000e\000v\000e\000l\000E\000n\000e\000r\000g\000y\000,\000\040\000s\000t\000r\000i\000n\000g\000\040\000N\000u\000c\000l\000e\000u\000s\000N\000a\000m\000e\000,\000\040\000s\000t\000r\000i\000n\000g\000\040\000O\000p\000t\000i\000o\000n\000\051}{subsection.2.3}% 68
\BOOKMARK [3][-]{subsubsection.2.3.15}{\376\377\000T\000G\000r\000a\000p\000h\000*\000\040\000G\000e\000t\000G\000a\000m\000m\000a\000T\000r\000a\000n\000s\000i\000t\000i\000o\000n\000C\000r\000o\000s\000s\000S\000c\000t\000i\000o\000n\000\050\000d\000o\000u\000b\000l\000e\000\040\000G\000a\000m\000m\000a\000E\000n\000e\000r\000g\000y\000,\000\040\000s\000t\000r\000i\000n\000g\000\040\000N\000u\000c\000l\000e\000u\000s\000N\000a\000m\000e\000\051}{subsection.2.3}% 69
\BOOKMARK [3][-]{subsubsection.2.3.16}{\376\377\000T\000M\000u\000l\000t\000i\000G\000r\000a\000p\000h\000*\000\040\000G\000e\000t\000A\000n\000g\000u\000l\000a\000r\000D\000i\000s\000t\000r\000i\000b\000u\000t\000i\000o\000n\000s\000F\000o\000r\000L\000e\000v\000e\000l\000\050\000d\000o\000u\000b\000l\000e\000\040\000L\000e\000v\000e\000l\000E\000n\000e\000r\000g\000y\000,\000s\000t\000r\000i\000n\000g\000\040\000N\000u\000c\000l\000e\000u\000s\000N\000a\000m\000e\000,\000\040\000s\000t\000r\000i\000n\000g\000\040\000t\000y\000p\000e\000,\000\040\000s\000t\000r\000i\000n\000g\000\040\000o\000p\000t\000i\000o\000n\000,\000\040\000T\000L\000e\000g\000e\000n\000d\000\040\000*\000l\000e\000g\000\051}{subsection.2.3}% 70
\BOOKMARK [3][-]{subsubsection.2.3.17}{\376\377\000T\000M\000u\000l\000t\000i\000G\000r\000a\000p\000h\000*\000\040\000G\000e\000t\000E\000l\000a\000s\000t\000i\000c\000A\000n\000g\000u\000l\000a\000r\000D\000i\000s\000t\000r\000i\000b\000u\000t\000i\000o\000n\000s\000\050\000s\000t\000r\000i\000n\000g\000\040\000t\000y\000p\000e\000,\000\040\000s\000t\000r\000i\000n\000g\000\040\000o\000p\000t\000i\000o\000n\000,\000\040\000T\000L\000e\000g\000e\000n\000d\000\040\000*\000l\000e\000g\000\051}{subsection.2.3}% 71
\BOOKMARK [2][-]{subsection.2.4}{\376\377\004\032\004\073\004\060\004\101\004\101\000\040\000O\000M\000P\000S\000t\000o\000r\000a\000g\000e\000D\000a\000t\000a}{section.2}% 72
\BOOKMARK [2][-]{subsection.2.5}{\376\377\004\032\004\073\004\060\004\101\004\101\000\040\000O\000M\000P\000S\000t\000o\000r\000a\000g\000e}{section.2}% 73
\BOOKMARK [2][-]{subsection.2.6}{\376\377\004\032\004\073\004\060\004\101\004\101\000\040\000O\000p\000t\000i\000c\000a\000l\000M\000o\000d\000e\000l\000P\000a\000r\000a\000m\000e\000t\000e\000r\000s\000D\000a\000t\000a}{section.2}% 74
\BOOKMARK [3][-]{subsubsection.2.6.1}{\376\377\000O\000M\000P\000S\000t\000o\000r\000a\000g\000e\000D\000a\000t\000a\000\040\000P\000o\000t\000e\000n\000t\000i\000a\000l\000D\000a\000t\000a\000,\000\040\000P\000o\000t\000e\000n\000t\000i\000a\000l\000D\000i\000s\000p\000D\000a\000t\000a\000,\000\040\000P\000o\000t\000e\000n\000t\000i\000a\000l\000K\000o\000n\000i\000n\000g\000D\000a\000t\000a}{subsection.2.6}% 75
\BOOKMARK [2][-]{subsection.2.7}{\376\377\004\032\004\073\004\060\004\101\004\101\000\040\000O\000p\000t\000i\000c\000a\000l\000M\000o\000d\000e\000l\000P\000a\000r\000a\000m\000e\000t\000e\000r\000s}{section.2}% 76
\BOOKMARK [3][-]{subsubsection.2.7.1}{\376\377\004\032\004\073\004\060\004\101\004\101\000\040\000O\000p\000t\000i\000c\000a\000l\000M\000o\000d\000e\000l\000P\000a\000r\000a\000m\000e\000t\000e\000r\000s}{subsection.2.7}% 77
\BOOKMARK [3][-]{subsubsection.2.7.2}{\376\377\004\032\004\073\004\060\004\101\004\101\000\040\000O\000p\000t\000i\000c\000a\000l\000M\000o\000d\000e\000l\000P\000a\000r\000a\000m\000e\000t\000e\000r\000s}{subsection.2.7}% 78
\BOOKMARK [2][-]{subsection.2.8}{\376\377\004\032\004\073\004\060\004\101\004\101\000\040\000T\000a\000l\000y\000s\000F\000i\000t\000t\000e\000r}{section.2}% 79
\BOOKMARK [3][-]{subsubsection.2.8.1}{\376\377\000b\000o\000o\000l\000\040\000C\000a\000l\000c\000u\000l\000a\000t\000e\000d}{subsection.2.8}% 80
\BOOKMARK [3][-]{subsubsection.2.8.2}{\376\377\000b\000o\000o\000l\000\040\000P\000a\000r\000T\000r\000a\000c\000k\000i\000n\000g\000F\000l\000a\000g}{subsection.2.8}% 81
\BOOKMARK [3][-]{subsubsection.2.8.3}{\376\377\000b\000o\000o\000l\000\040\000P\000a\000r\000C\000h\000a\000n\000g\000e\000d}{subsection.2.8}% 82
\BOOKMARK [3][-]{subsubsection.2.8.4}{\376\377\000d\000o\000u\000b\000l\000e\000\040\000x\000_\000v\000a\000l}{subsection.2.8}% 83
\BOOKMARK [3][-]{subsubsection.2.8.5}{\376\377\000T\000a\000l\000y\000s\000F\000i\000t\000t\000e\000r\000\050\000s\000t\000r\000i\000n\000g\000\040\000N\000u\000c\000l\000N\000a\000m\000e\000\051}{subsection.2.8}% 84
\BOOKMARK [3][-]{subsubsection.2.8.6}{\376\377\000N\000u\000c\000l\000e\000u\000s\000\040\000N\000u\000c\000l\000i\000d\000e}{subsection.2.8}% 85
\BOOKMARK [3][-]{subsubsection.2.8.7}{\376\377\000v\000o\000i\000d\000\040\000\050\000*\000P\000a\000r\000A\000s\000s\000i\000g\000n\000m\000e\000n\000t\000F\000u\000n\000c\000t\000i\000o\000n\000\051\000\050\000T\000a\000l\000y\000s\000F\000i\000t\000t\000e\000r\000\040\000*\000P\000o\000i\000n\000t\000e\000t\000T\000o\000T\000F\000\051}{subsection.2.8}% 86
\BOOKMARK [3][-]{subsubsection.2.8.8}{\376\377\000v\000e\000c\000t\000o\000r\000<\000d\000o\000u\000b\000l\000e\000>\000\040\000P\000r\000e\000v\000i\000o\000u\000s\000P\000a\000r\000a\000m\000e\000t\000e\000r\000s}{subsection.2.8}% 87
\BOOKMARK [3][-]{subsubsection.2.8.9}{\376\377\000v\000e\000c\000t\000o\000r\000<\000d\000o\000u\000b\000l\000e\000>\000\040\000P\000a\000r\000a\000m\000e\000t\000e\000r\000s}{subsection.2.8}% 88
\BOOKMARK [3][-]{subsubsection.2.8.10}{\376\377\000v\000e\000c\000t\000o\000r\000<\000s\000t\000r\000i\000n\000g\000>\000\040\000P\000a\000r\000N\000a\000m\000e\000s}{subsection.2.8}% 89
\BOOKMARK [3][-]{subsubsection.2.8.11}{\376\377\000T\000F\0001}{subsection.2.8}% 90
\BOOKMARK [3][-]{subsubsection.2.8.12}{\376\377\000T\000F\0001}{subsection.2.8}% 91
\BOOKMARK [3][-]{subsubsection.2.8.13}{\376\377\000v\000o\000i\000d\000\040\000E\000n\000a\000b\000l\000e\000P\000a\000r\000T\000r\000a\000c\000k\000i\000n\000g\000\050\000\051}{subsection.2.8}% 92
\BOOKMARK [3][-]{subsubsection.2.8.14}{\376\377\000v\000o\000i\000d\000\040\000D\000i\000s\000a\000b\000l\000e\000P\000a\000r\000T\000r\000a\000c\000k\000i\000n\000g\000\050\000\051}{subsection.2.8}% 93
\BOOKMARK [3][-]{subsubsection.2.8.15}{\376\377\000v\000o\000i\000d\000\040\000T\000r\000a\000c\000k\000P\000a\000r\000C\000h\000a\000n\000g\000e\000s\000\050\000\051}{subsection.2.8}% 94
\BOOKMARK [3][-]{subsubsection.2.8.16}{\376\377\000d\000o\000u\000b\000l\000e\000\040\000E\000v\000a\000l\000\050\000d\000o\000u\000b\000l\000e\000\040\000*\000x\000,\000\040\000d\000o\000u\000b\000l\000e\000\040\000*\000p\000\051}{subsection.2.8}% 95
\BOOKMARK [3][-]{subsubsection.2.8.17}{\376\377\000d\000o\000u\000b\000l\000e\000\040\000\050\000*\000G\000e\000t\000E\000v\000a\000l\000u\000a\000t\000i\000o\000n\000R\000e\000s\000u\000l\000t\000\051\000\050\000d\000o\000u\000b\000l\000e\000\040\000x\000_\000v\000a\000l\000u\000e\000,\000T\000a\000l\000y\000s\000F\000i\000t\000t\000e\000r\000\040\000*\000P\000o\000i\000n\000t\000e\000t\000T\000o\000T\000F\000\051}{subsection.2.8}% 96
\BOOKMARK [3][-]{subsubsection.2.8.18}{\376\377\000T\000F\0001\000\040\000G\000e\000n\000e\000r\000a\000t\000e\000T\000F\0001\000\050\000s\000t\000r\000i\000n\000g\000\040\000n\000a\000m\000e\000,\000\040\000d\000o\000u\000b\000l\000e\000\040\000x\000_\000m\000i\000n\000,\000d\000o\000u\000b\000l\000e\000\040\000x\000_\000m\000a\000x\000\051}{subsection.2.8}% 97
